<?xml version="1.0" encoding="UTF-8"?>
<testsuite xmlns:xsi="http://www.w3.org/2001/XMLSchema-instance" xsi:noNamespaceSchemaLocation="https://maven.apache.org/surefire/maven-surefire-plugin/xsd/surefire-test-report.xsd" name="edu.arizona.cs.TestQ1_1" time="0.23" tests="1" errors="0" skipped="0" failures="0">
  <properties>
    <property name="java.specification.version" value="13"/>
    <property name="sun.cpu.isalist" value="amd64"/>
    <property name="sun.jnu.encoding" value="Cp1252"/>
    <property name="java.class.path" value="H:\File Cabinet\Coding\UofA\CSC583\hw3-java-rtequida\target\test-classes;H:\File Cabinet\Coding\UofA\CSC583\hw3-java-rtequida\target\classes;C:\Users\rtequ\.m2\repository\org\apache\lucene\lucene-core\7.7.1\lucene-core-7.7.1.jar;C:\Users\rtequ\.m2\repository\org\apache\lucene\lucene-queryparser\7.7.1\lucene-queryparser-7.7.1.jar;C:\Users\rtequ\.m2\repository\org\apache\lucene\lucene-queries\7.7.1\lucene-queries-7.7.1.jar;C:\Users\rtequ\.m2\repository\org\apache\lucene\lucene-sandbox\7.7.1\lucene-sandbox-7.7.1.jar;C:\Users\rtequ\.m2\repository\org\apache\lucene\lucene-analyzers-common\7.7.1\lucene-analyzers-common-7.7.1.jar;C:\Users\rtequ\.m2\repository\org\junit\jupiter\junit-jupiter-engine\5.3.1\junit-jupiter-engine-5.3.1.jar;C:\Users\rtequ\.m2\repository\org\apiguardian\apiguardian-api\1.0.0\apiguardian-api-1.0.0.jar;C:\Users\rtequ\.m2\repository\org\junit\platform\junit-platform-engine\1.3.1\junit-platform-engine-1.3.1.jar;C:\Users\rtequ\.m2\repository\org\junit\platform\junit-platform-commons\1.3.1\junit-platform-commons-1.3.1.jar;C:\Users\rtequ\.m2\repository\org\opentest4j\opentest4j\1.1.1\opentest4j-1.1.1.jar;C:\Users\rtequ\.m2\repository\org\junit\jupiter\junit-jupiter-api\5.3.1\junit-jupiter-api-5.3.1.jar;"/>
    <property name="java.vm.vendor" value="Oracle Corporation"/>
    <property name="sun.arch.data.model" value="64"/>
    <property name="user.variant" value=""/>
    <property name="java.vendor.url" value="https://java.oracle.com/"/>
    <property name="user.timezone" value="America/Phoenix"/>
    <property name="os.name" value="Windows 10"/>
    <property name="java.vm.specification.version" value="13"/>
    <property name="sun.java.launcher" value="SUN_STANDARD"/>
    <property name="user.country" value="US"/>
    <property name="sun.boot.library.path" value="C:\Program Files\Java\jdk-13.0.1\bin"/>
    <property name="sun.java.command" value="C:\Users\rtequ\AppData\Local\Temp\surefire2001956685336243229\surefirebooter996408778813728064.jar C:\Users\rtequ\AppData\Local\Temp\surefire2001956685336243229 2020-10-26T09-33-24_552-jvmRun1 surefire2712817498375892841tmp surefire_011178768857438370784tmp"/>
    <property name="jdk.debug" value="release"/>
    <property name="surefire.test.class.path" value="H:\File Cabinet\Coding\UofA\CSC583\hw3-java-rtequida\target\test-classes;H:\File Cabinet\Coding\UofA\CSC583\hw3-java-rtequida\target\classes;C:\Users\rtequ\.m2\repository\org\apache\lucene\lucene-core\7.7.1\lucene-core-7.7.1.jar;C:\Users\rtequ\.m2\repository\org\apache\lucene\lucene-queryparser\7.7.1\lucene-queryparser-7.7.1.jar;C:\Users\rtequ\.m2\repository\org\apache\lucene\lucene-queries\7.7.1\lucene-queries-7.7.1.jar;C:\Users\rtequ\.m2\repository\org\apache\lucene\lucene-sandbox\7.7.1\lucene-sandbox-7.7.1.jar;C:\Users\rtequ\.m2\repository\org\apache\lucene\lucene-analyzers-common\7.7.1\lucene-analyzers-common-7.7.1.jar;C:\Users\rtequ\.m2\repository\org\junit\jupiter\junit-jupiter-engine\5.3.1\junit-jupiter-engine-5.3.1.jar;C:\Users\rtequ\.m2\repository\org\apiguardian\apiguardian-api\1.0.0\apiguardian-api-1.0.0.jar;C:\Users\rtequ\.m2\repository\org\junit\platform\junit-platform-engine\1.3.1\junit-platform-engine-1.3.1.jar;C:\Users\rtequ\.m2\repository\org\junit\platform\junit-platform-commons\1.3.1\junit-platform-commons-1.3.1.jar;C:\Users\rtequ\.m2\repository\org\opentest4j\opentest4j\1.1.1\opentest4j-1.1.1.jar;C:\Users\rtequ\.m2\repository\org\junit\jupiter\junit-jupiter-api\5.3.1\junit-jupiter-api-5.3.1.jar;"/>
    <property name="sun.cpu.endian" value="little"/>
    <property name="user.home" value="C:\Users\rtequ"/>
    <property name="user.language" value="en"/>
    <property name="java.specification.vendor" value="Oracle Corporation"/>
    <property name="java.version.date" value="2019-10-15"/>
    <property name="java.home" value="C:\Program Files\Java\jdk-13.0.1"/>
    <property name="file.separator" value="\"/>
    <property name="basedir" value="H:\File Cabinet\Coding\UofA\CSC583\hw3-java-rtequida"/>
    <property name="java.vm.compressedOopsMode" value="Zero based"/>
    <property name="line.separator" value="&#10;"/>
    <property name="java.vm.specification.vendor" value="Oracle Corporation"/>
    <property name="java.specification.name" value="Java Platform API Specification"/>
    <property name="surefire.real.class.path" value="C:\Users\rtequ\AppData\Local\Temp\surefire2001956685336243229\surefirebooter996408778813728064.jar"/>
    <property name="user.script" value=""/>
    <property name="sun.management.compiler" value="HotSpot 64-Bit Tiered Compilers"/>
    <property name="java.runtime.version" value="13.0.1+9"/>
    <property name="user.name" value="rtequ"/>
    <property name="path.separator" value=";"/>
    <property name="os.version" value="10.0"/>
    <property name="java.runtime.name" value="Java(TM) SE Runtime Environment"/>
    <property name="file.encoding" value="Cp1252"/>
    <property name="java.vm.name" value="Java HotSpot(TM) 64-Bit Server VM"/>
    <property name="localRepository" value="C:\Users\rtequ\.m2\repository"/>
    <property name="java.vendor.url.bug" value="https://bugreport.java.com/bugreport/"/>
    <property name="java.io.tmpdir" value="C:\Users\rtequ\AppData\Local\Temp\"/>
    <property name="java.version" value="13.0.1"/>
    <property name="user.dir" value="H:\File Cabinet\Coding\UofA\CSC583\hw3-java-rtequida"/>
    <property name="os.arch" value="amd64"/>
    <property name="java.vm.specification.name" value="Java Virtual Machine Specification"/>
    <property name="sun.os.patch.level" value=""/>
    <property name="java.library.path" value="C:\Program Files\Java\jdk-13.0.1\bin;C:\WINDOWS\Sun\Java\bin;C:\WINDOWS\system32;C:\WINDOWS;C:\Users\rtequ\AppData\Local\Programs\Python\Python36-32;C:\Users\rtequ\AppData\Local\Programs\Python\Python36-32\Scripts;C:\WINDOWS\system32;C:\WINDOWS;C:\WINDOWS\System32\Wbem;C:\WINDOWS\System32\WindowsPowerShell\v1.0\;C:\Program Files (x86)\Windows Kits\8.1\Windows Performance Toolkit\;C:\WINDOWS\System32\OpenSSH\;C:\Program Files\PuTTY\;H:\File Cabinet\School Related\2020 02 Fall\CSC 583\apache-maven-3.6.3\bin;C:\Users\rtequ\AppData\Local\Programs\Python\Python37-32\Scripts\;C:\Users\rtequ\AppData\Local\Programs\Python\Python37-32\;C:\Users\rtequ\AppData\Local\Programs\Python\Python36-32;C:\Users\rtequ\AppData\Local\Programs\Python\Python36-32\Scripts;C:\WINDOWS\system32;C:\WINDOWS;C:\WINDOWS\System32\Wbem;C:\WINDOWS\System32\WindowsPowerShell\v1.0\;C:\Program Files (x86)\Windows Kits\8.1\Windows Performance Toolkit\;C:\WINDOWS\System32\OpenSSH\;C:\Users\rtequ\AppData\Local\Programs\Python\Python36-32\Scripts\;C:\Users\rtequ\AppData\Local\Programs\Python\Python36-32\;C:\Users\rtequ\AppData\Local\Microsoft\WindowsApps;C:\Users\rtequ\AppData\Local\atom\bin;C:\Users\rtequ\AppData\Local\GitHubDesktop\bin;C:\Users\rtequ\AppData\Local\Microsoft\WindowsApps;;C:\Program Files\JetBrains\IntelliJ IDEA Community Edition 2020.2\bin;;G:\Microsoft VS Code\bin;."/>
    <property name="java.vm.info" value="mixed mode, sharing"/>
    <property name="java.vendor" value="Oracle Corporation"/>
    <property name="java.vm.version" value="13.0.1+9"/>
    <property name="sun.io.unicode.encoding" value="UnicodeLittle"/>
    <property name="java.class.version" value="57.0"/>
  </properties>
  <testcase name="testDocsAndScores" classname="edu.arizona.cs.TestQ1_1" time="0.226"/>
</testsuite>